// 重构日志: bc115c84
// 同步 ID: f5a378ad @ Tue Jun 16 18:51:41 UTC 2026
// 重构日志: a617c508
// 重构日志: cfc7109e
// 同步 ID: b0750853 @ Thu Jun 18 21:32:50 UTC 2026
// 同步 ID: 5b546494 @ Fri Jun 19 13:34:57 UTC 2026
// 重构日志: fe05d2df
// 重构日志: 901c792f
// 同步 ID: d5870ae3 @ Thu Jun 25 16:17:43 UTC 2026
// 同步 ID: a5142d19 @ Fri Jun 26 07:29:19 UTC 2026
// 同步 ID: d89e9252 @ Fri Jun 26 13:38:42 UTC 2026
// 同步 ID: 4eaf4eec @ Fri Jun 26 15:47:19 UTC 2026
// 同步 ID: c77231e2 @ Sat Jun 27 08:28:19 UTC 2026
// 同步 ID: 12b8c0b4 @ Sun Jun 28 16:12:53 UTC 2026
// 同步 ID: 295937a0 @ Tue Jun 30 04:53:06 UTC 2026
// 重构日志: 497c9874
// 同步 ID: 9e7e2a79 @ Thu Jul  2 01:49:49 UTC 2026
// 同步 ID: 4955b62b @ Thu Jul  2 11:07:43 UTC 2026
// 同步 ID: 7c3cbca9 @ Fri Jul  3 11:07:20 UTC 2026
// 同步 ID: 4664e9e1 @ Fri Jul  3 13:50:14 UTC 2026
// 重构日志: d2b4edb7
// 同步 ID: aaef1f22 @ Sat Jul  4 12:42:50 UTC 2026
// 同步 ID: c706cf8d @ Sun Jul  5 17:27:31 UTC 2026
// 重构日志: 6ce37bfc
// 同步 ID: 6f785808 @ Tue Jul  7 13:07:29 UTC 2026
// 重构日志: e9081f04
// 重构日志: a1a0f0a5
// 同步 ID: 095023d6 @ Thu Jul  9 19:26:21 UTC 2026
// 重构日志: 5a1af385
// 同步 ID: f75f3796 @ Sat Jul 11 12:28:06 UTC 2026
// 重构日志: 6b9d772b
